2016-03-24 12:04:26,043 [Worker-10] INFO  o.e.m.c.i.l.LifecycleMappingFactory - Using org.maven.ide.eclipse.wtp.WarLifecycleMapping lifecycle mapping for MavenProject: com.mkyong.common:RESTfulExample:1.0-SNAPSHOT @ D:\Graduation Courses\ASE\Classes\Tutorial-10\RESTfulExample\pom.xml.
2016-03-24 12:04:26,889 [Worker-10] INFO  o.e.m.c.i.e.AbstractTransferListenerAdapter - Downloading https://repository.jboss.org/nexus/content/groups/public-jboss/org/jboss/resteasy/resteasy-jaxrs/2.2.1.GA/resteasy-jaxrs-2.2.1.GA.pom
2016-03-24 12:04:26,972 [Worker-10] INFO  o.e.m.c.i.e.AbstractTransferListenerAdapter - Downloaded https://repository.jboss.org/nexus/content/groups/public-jboss/org/jboss/resteasy/resteasy-jaxrs/2.2.1.GA/resteasy-jaxrs-2.2.1.GA.pom
2016-03-24 12:04:27,212 [Worker-10] INFO  o.e.m.c.i.e.AbstractTransferListenerAdapter - Downloaded https://repository.jboss.org/nexus/content/groups/public-jboss/org/jboss/resteasy/resteasy-jaxrs-all/2.2.1.GA/resteasy-jaxrs-all-2.2.1.GA.pom
2016-03-24 12:04:27,287 [Worker-10] INFO  o.e.m.c.i.e.AbstractTransferListenerAdapter - Downloading https://repository.jboss.org/nexus/content/groups/public-jboss/org/jboss/resteasy/jaxrs-api/2.2.1.GA/jaxrs-api-2.2.1.GA.pom
2016-03-24 12:04:27,355 [Worker-10] INFO  o.e.m.c.i.e.AbstractTransferListenerAdapter - Downloaded https://repository.jboss.org/nexus/content/groups/public-jboss/org/jboss/resteasy/jaxrs-api/2.2.1.GA/jaxrs-api-2.2.1.GA.pom
2016-03-24 12:04:27,424 [Worker-10] INFO  o.e.m.c.i.e.AbstractTransferListenerAdapter - Downloading https://repository.jboss.org/nexus/content/groups/public-jboss/org/scannotation/scannotation/1.0.3/scannotation-1.0.3.pom
2016-03-24 12:04:27,499 [Worker-10] INFO  o.e.m.c.i.e.AbstractTransferListenerAdapter - Downloaded https://repository.jboss.org/nexus/content/groups/public-jboss/org/scannotation/scannotation/1.0.3/scannotation-1.0.3.pom
2016-03-24 12:04:27,593 [Worker-10] INFO  o.e.m.c.i.e.AbstractTransferListenerAdapter - Downloading https://repository.jboss.org/nexus/content/groups/public-jboss/javassist/javassist/3.12.1.GA/javassist-3.12.1.GA.pom
2016-03-24 12:04:27,670 [Worker-10] INFO  o.e.m.c.i.e.AbstractTransferListenerAdapter - Downloaded https://repository.jboss.org/nexus/content/groups/public-jboss/javassist/javassist/3.12.1.GA/javassist-3.12.1.GA.pom
2016-03-24 12:04:27,739 [Worker-10] INFO  o.e.m.c.i.e.AbstractTransferListenerAdapter - Downloading https://repository.jboss.org/nexus/content/groups/public-jboss/javax/annotation/jsr250-api/1.0/jsr250-api-1.0.pom
2016-03-24 12:04:27,829 [Worker-10] INFO  o.e.m.c.i.e.AbstractTransferListenerAdapter - Downloaded https://repository.jboss.org/nexus/content/groups/public-jboss/javax/annotation/jsr250-api/1.0/jsr250-api-1.0.pom
2016-03-24 12:04:27,916 [Worker-10] INFO  o.e.m.c.i.e.AbstractTransferListenerAdapter - Downloading https://repository.jboss.org/nexus/content/groups/public-jboss/org/apache/httpcomponents/httpclient/4.0.3/httpclient-4.0.3.pom
2016-03-24 12:04:27,989 [Worker-10] INFO  o.e.m.c.i.e.AbstractTransferListenerAdapter - Downloaded https://repository.jboss.org/nexus/content/groups/public-jboss/org/apache/httpcomponents/httpclient/4.0.3/httpclient-4.0.3.pom
2016-03-24 12:04:28,187 [Worker-10] INFO  o.e.m.c.i.e.AbstractTransferListenerAdapter - Downloaded https://repository.jboss.org/nexus/content/groups/public-jboss/org/apache/httpcomponents/httpcomponents-client/4.0.3/httpcomponents-client-4.0.3.pom
2016-03-24 12:04:28,395 [Worker-10] INFO  o.e.m.c.i.e.AbstractTransferListenerAdapter - Downloaded https://repository.jboss.org/nexus/content/groups/public-jboss/org/apache/httpcomponents/project/4.1/project-4.1.pom
2016-03-24 12:04:28,473 [Worker-10] INFO  o.e.m.c.i.e.AbstractTransferListenerAdapter - Downloading https://repository.jboss.org/nexus/content/groups/public-jboss/org/apache/httpcomponents/httpcore/4.0.1/httpcore-4.0.1.pom
2016-03-24 12:04:28,547 [Worker-10] INFO  o.e.m.c.i.e.AbstractTransferListenerAdapter - Downloaded https://repository.jboss.org/nexus/content/groups/public-jboss/org/apache/httpcomponents/httpcore/4.0.1/httpcore-4.0.1.pom
2016-03-24 12:04:28,695 [Worker-10] INFO  o.e.m.c.i.e.AbstractTransferListenerAdapter - Downloaded https://repository.jboss.org/nexus/content/groups/public-jboss/org/apache/httpcomponents/httpcomponents-core/4.0.1/httpcomponents-core-4.0.1.pom
2016-03-24 12:04:28,906 [Worker-10] INFO  o.e.m.c.i.e.AbstractTransferListenerAdapter - Downloaded https://repository.jboss.org/nexus/content/groups/public-jboss/org/apache/httpcomponents/project/4.0/project-4.0.pom
2016-03-24 12:04:29,016 [Worker-10] INFO  o.e.m.c.i.e.AbstractTransferListenerAdapter - Downloading https://repository.jboss.org/nexus/content/groups/public-jboss/net/jcip/jcip-annotations/1.0/jcip-annotations-1.0.pom
2016-03-24 12:04:29,083 [Worker-10] INFO  o.e.m.c.i.e.AbstractTransferListenerAdapter - Downloaded https://repository.jboss.org/nexus/content/groups/public-jboss/net/jcip/jcip-annotations/1.0/jcip-annotations-1.0.pom
2016-03-24 12:04:29,169 [Worker-10] INFO  o.e.m.c.i.e.AbstractTransferListenerAdapter - Downloading https://repository.jboss.org/nexus/content/groups/public-jboss/org/jboss/resteasy/resteasy-jaxrs/2.2.1.GA/resteasy-jaxrs-2.2.1.GA.jar
2016-03-24 12:04:30,075 [Worker-10] INFO  o.e.m.c.i.e.AbstractTransferListenerAdapter - Downloaded https://repository.jboss.org/nexus/content/groups/public-jboss/org/jboss/resteasy/resteasy-jaxrs/2.2.1.GA/resteasy-jaxrs-2.2.1.GA.jar
2016-03-24 12:04:30,136 [Worker-10] INFO  o.e.m.c.i.e.AbstractTransferListenerAdapter - Downloading https://repository.jboss.org/nexus/content/groups/public-jboss/org/jboss/resteasy/jaxrs-api/2.2.1.GA/jaxrs-api-2.2.1.GA.jar
2016-03-24 12:04:30,368 [Worker-10] INFO  o.e.m.c.i.e.AbstractTransferListenerAdapter - Downloaded https://repository.jboss.org/nexus/content/groups/public-jboss/org/jboss/resteasy/jaxrs-api/2.2.1.GA/jaxrs-api-2.2.1.GA.jar
2016-03-24 12:04:30,429 [Worker-10] INFO  o.e.m.c.i.e.AbstractTransferListenerAdapter - Downloading https://repository.jboss.org/nexus/content/groups/public-jboss/org/scannotation/scannotation/1.0.3/scannotation-1.0.3.jar
2016-03-24 12:04:30,588 [Worker-10] INFO  o.e.m.c.i.e.AbstractTransferListenerAdapter - Downloaded https://repository.jboss.org/nexus/content/groups/public-jboss/org/scannotation/scannotation/1.0.3/scannotation-1.0.3.jar
2016-03-24 12:04:30,649 [Worker-10] INFO  o.e.m.c.i.e.AbstractTransferListenerAdapter - Downloading https://repository.jboss.org/nexus/content/groups/public-jboss/javassist/javassist/3.12.1.GA/javassist-3.12.1.GA.jar
2016-03-24 12:04:30,988 [Worker-10] INFO  o.e.m.c.i.e.AbstractTransferListenerAdapter - Downloaded https://repository.jboss.org/nexus/content/groups/public-jboss/javassist/javassist/3.12.1.GA/javassist-3.12.1.GA.jar
2016-03-24 12:04:31,050 [Worker-10] INFO  o.e.m.c.i.e.AbstractTransferListenerAdapter - Downloading https://repository.jboss.org/nexus/content/groups/public-jboss/javax/annotation/jsr250-api/1.0/jsr250-api-1.0.jar
2016-03-24 12:04:31,176 [Worker-10] INFO  o.e.m.c.i.e.AbstractTransferListenerAdapter - Downloaded https://repository.jboss.org/nexus/content/groups/public-jboss/javax/annotation/jsr250-api/1.0/jsr250-api-1.0.jar
2016-03-24 12:04:31,238 [Worker-10] INFO  o.e.m.c.i.e.AbstractTransferListenerAdapter - Downloading https://repository.jboss.org/nexus/content/groups/public-jboss/commons-logging/commons-logging/1.0.4/commons-logging-1.0.4.jar
2016-03-24 12:04:31,327 [Worker-10] INFO  o.e.m.c.i.e.AbstractTransferListenerAdapter - Downloaded https://repository.jboss.org/nexus/content/groups/public-jboss/commons-logging/commons-logging/1.0.4/commons-logging-1.0.4.jar
2016-03-24 12:04:31,388 [Worker-10] INFO  o.e.m.c.i.e.AbstractTransferListenerAdapter - Downloading https://repository.jboss.org/nexus/content/groups/public-jboss/commons-codec/commons-codec/1.2/commons-codec-1.2.jar
2016-03-24 12:04:31,527 [Worker-10] INFO  o.e.m.c.i.e.AbstractTransferListenerAdapter - Downloaded https://repository.jboss.org/nexus/content/groups/public-jboss/commons-codec/commons-codec/1.2/commons-codec-1.2.jar
2016-03-24 12:04:31,589 [Worker-10] INFO  o.e.m.c.i.e.AbstractTransferListenerAdapter - Downloading https://repository.jboss.org/nexus/content/groups/public-jboss/org/apache/httpcomponents/httpclient/4.0.3/httpclient-4.0.3.jar
2016-03-24 12:04:31,731 [Worker-10] INFO  o.e.m.c.i.e.AbstractTransferListenerAdapter - Downloaded https://repository.jboss.org/nexus/content/groups/public-jboss/org/apache/httpcomponents/httpclient/4.0.3/httpclient-4.0.3.jar
2016-03-24 12:04:31,792 [Worker-10] INFO  o.e.m.c.i.e.AbstractTransferListenerAdapter - Downloading https://repository.jboss.org/nexus/content/groups/public-jboss/org/apache/httpcomponents/httpcore/4.0.1/httpcore-4.0.1.jar
2016-03-24 12:04:31,956 [Worker-10] INFO  o.e.m.c.i.e.AbstractTransferListenerAdapter - Downloaded https://repository.jboss.org/nexus/content/groups/public-jboss/org/apache/httpcomponents/httpcore/4.0.1/httpcore-4.0.1.jar
2016-03-24 12:04:32,018 [Worker-10] INFO  o.e.m.c.i.e.AbstractTransferListenerAdapter - Downloading https://repository.jboss.org/nexus/content/groups/public-jboss/net/jcip/jcip-annotations/1.0/jcip-annotations-1.0.jar
2016-03-24 12:04:32,096 [Worker-10] INFO  o.e.m.c.i.e.AbstractTransferListenerAdapter - Downloaded https://repository.jboss.org/nexus/content/groups/public-jboss/net/jcip/jcip-annotations/1.0/jcip-annotations-1.0.jar
2016-03-24 12:04:36,407 [Worker-10] WARN  o.e.m.c.i.embedder.EclipseLogger - Using platform encoding (Cp1252 actually) to copy filtered resources, i.e. build is platform dependent!
2016-03-24 12:04:36,416 [Worker-10] INFO  o.e.m.c.i.embedder.EclipseLogger - Copying 0 resource
2016-03-24 12:04:36,422 [Worker-10] WARN  o.e.m.c.i.embedder.EclipseLogger - Using platform encoding (Cp1252 actually) to copy filtered resources, i.e. build is platform dependent!
2016-03-24 12:04:36,430 [Worker-10] INFO  o.e.m.c.i.embedder.EclipseLogger - skip non existing resourceDirectory D:\Graduation Courses\ASE\Classes\Tutorial-10\RESTfulExample\src\test\resources
2016-03-24 12:04:37,828 [Worker-7] WARN  o.e.m.c.i.embedder.EclipseLogger - Using platform encoding (Cp1252 actually) to copy filtered resources, i.e. build is platform dependent!
2016-03-24 12:04:37,869 [Worker-7] INFO  o.e.m.c.i.embedder.EclipseLogger - Copying 0 resource
2016-03-24 12:04:37,876 [Worker-7] WARN  o.e.m.c.i.embedder.EclipseLogger - Using platform encoding (Cp1252 actually) to copy filtered resources, i.e. build is platform dependent!
2016-03-24 12:04:37,884 [Worker-7] INFO  o.e.m.c.i.embedder.EclipseLogger - skip non existing resourceDirectory D:\Graduation Courses\ASE\Classes\Tutorial-10\RESTfulExample\src\test\resources
2016-03-24 12:05:52,707 [Worker-0] WARN  o.e.m.c.i.embedder.EclipseLogger - Using platform encoding (Cp1252 actually) to copy filtered resources, i.e. build is platform dependent!
2016-03-24 12:05:52,714 [Worker-0] INFO  o.e.m.c.i.embedder.EclipseLogger - Copying 0 resource
2016-03-24 12:05:52,719 [Worker-0] WARN  o.e.m.c.i.embedder.EclipseLogger - Using platform encoding (Cp1252 actually) to copy filtered resources, i.e. build is platform dependent!
2016-03-24 12:05:52,726 [Worker-0] INFO  o.e.m.c.i.embedder.EclipseLogger - skip non existing resourceDirectory D:\Graduation Courses\ASE\Classes\Tutorial-10\RESTfulExample\src\test\resources
2016-03-24 12:19:26,327 [Worker-6] WARN  o.e.m.c.i.embedder.EclipseLogger - Using platform encoding (Cp1252 actually) to copy filtered resources, i.e. build is platform dependent!
2016-03-24 12:19:26,341 [Worker-6] INFO  o.e.m.c.i.embedder.EclipseLogger - Copying 0 resource
2016-03-24 12:19:26,353 [Worker-6] WARN  o.e.m.c.i.embedder.EclipseLogger - Using platform encoding (Cp1252 actually) to copy filtered resources, i.e. build is platform dependent!
2016-03-24 12:19:26,363 [Worker-6] INFO  o.e.m.c.i.embedder.EclipseLogger - skip non existing resourceDirectory D:\Graduation Courses\ASE\Classes\Tutorial-10\RESTfulExample\src\test\resources
